   1              		.arch armv7e-m
   2              		.fpu fpv4-sp-d16
   3              		.eabi_attribute 27, 1
   4              		.eabi_attribute 28, 1
   5              		.eabi_attribute 20, 1
   6              		.eabi_attribute 21, 1
   7              		.eabi_attribute 23, 3
   8              		.eabi_attribute 24, 1
   9              		.eabi_attribute 25, 1
  10              		.eabi_attribute 26, 1
  11              		.eabi_attribute 30, 4
  12              		.eabi_attribute 34, 1
  13              		.eabi_attribute 18, 4
  14              		.file	"interrupts.c"
  15              		.text
  16              	.Ltext0:
  17              		.cfi_sections	.debug_frame
  18              		.file 1 "src/boot/interrupts.c"
  19              		.align	1
  20              		.global	Default_Handler
  21              		.syntax unified
  22              		.thumb
  23              		.thumb_func
  24              		.type	Default_Handler, %function
  25              	Default_Handler:
  26              	.LFB0:
   1:src/boot/interrupts.c **** 
   2:src/boot/interrupts.c **** /* We define interrupt handlers as weak aliases to Default_Handler */
   3:src/boot/interrupts.c **** 
   4:src/boot/interrupts.c **** void Default_Handler() { while(1); }
  27              		.loc 1 4 24 view -0
  28              		.cfi_startproc
  29              		@ Volatile: function does not return.
  30              		@ args = 0, pretend = 0, frame = 0
  31              		@ frame_needed = 0, uses_anonymous_args = 0
  32              		@ link register save eliminated.
  33              	.L2:
  34              		.loc 1 4 26 view .LVU1
  35              		.loc 1 4 31 view .LVU2
  36 0000 FEE7     		b	.L2
  37              		.cfi_endproc
  38              	.LFE0:
  39              		.size	Default_Handler, .-Default_Handler
  40              		.weak	FMPI2C1_error_Handler
  41              		.thumb_set FMPI2C1_error_Handler,Default_Handler
  42              		.weak	FMPI2C1_Handler
  43              		.thumb_set FMPI2C1_Handler,Default_Handler
  44              		.weak	SPDIF_Rx_Handler
  45              		.thumb_set SPDIF_Rx_Handler,Default_Handler
  46              		.weak	HDMI_CEC_Handler
  47              		.thumb_set HDMI_CEC_Handler,Default_Handler
  48              		.weak	QuadSPI_Handler
  49              		.thumb_set QuadSPI_Handler,Default_Handler
  50              		.weak	SAI2_Handler
  51              		.thumb_set SAI2_Handler,Default_Handler
  52              		.weak	SAI1_Handler
  53              		.thumb_set SAI1_Handler,Default_Handler
  54              		.weak	SPI4_Handler
  55              		.thumb_set SPI4_Handler,Default_Handler
  56              		.weak	FPU_Handler
  57              		.thumb_set FPU_Handler,Default_Handler
  58              		.weak	DCMI_Handler
  59              		.thumb_set DCMI_Handler,Default_Handler
  60              		.weak	OTG_HS_Handler
  61              		.thumb_set OTG_HS_Handler,Default_Handler
  62              		.weak	OTG_HS_WKUP_Handler
  63              		.thumb_set OTG_HS_WKUP_Handler,Default_Handler
  64              		.weak	OTG_HS_EP1_IN_Handler
  65              		.thumb_set OTG_HS_EP1_IN_Handler,Default_Handler
  66              		.weak	OTG_HS_EP1_OUT_Handler
  67              		.thumb_set OTG_HS_EP1_OUT_Handler,Default_Handler
  68              		.weak	I2C3_ER_Handler
  69              		.thumb_set I2C3_ER_Handler,Default_Handler
  70              		.weak	I2C3_EV_Handler
  71              		.thumb_set I2C3_EV_Handler,Default_Handler
  72              		.weak	USART6_Handler
  73              		.thumb_set USART6_Handler,Default_Handler
  74              		.weak	DMA2_Stream7_Handler
  75              		.thumb_set DMA2_Stream7_Handler,Default_Handler
  76              		.weak	DMA2_Stream6_Handler
  77              		.thumb_set DMA2_Stream6_Handler,Default_Handler
  78              		.weak	DMA2_Stream5_Handler
  79              		.thumb_set DMA2_Stream5_Handler,Default_Handler
  80              		.weak	OTG_FS_Handler
  81              		.thumb_set OTG_FS_Handler,Default_Handler
  82              		.weak	CAN2_SCE_Handler
  83              		.thumb_set CAN2_SCE_Handler,Default_Handler
  84              		.weak	CAN2_RX1_Handler
  85              		.thumb_set CAN2_RX1_Handler,Default_Handler
  86              		.weak	CAN2_RX0_Handler
  87              		.thumb_set CAN2_RX0_Handler,Default_Handler
  88              		.weak	CAN2_TX_Handler
  89              		.thumb_set CAN2_TX_Handler,Default_Handler
  90              		.weak	DMA2_Stream4_Handler
  91              		.thumb_set DMA2_Stream4_Handler,Default_Handler
  92              		.weak	DMA2_Stream3_Handler
  93              		.thumb_set DMA2_Stream3_Handler,Default_Handler
  94              		.weak	DMA2_Stream2_Handler
  95              		.thumb_set DMA2_Stream2_Handler,Default_Handler
  96              		.weak	DMA2_Stream1_Handler
  97              		.thumb_set DMA2_Stream1_Handler,Default_Handler
  98              		.weak	DMA2_Stream0_Handler
  99              		.thumb_set DMA2_Stream0_Handler,Default_Handler
 100              		.weak	TIM7_Handler
 101              		.thumb_set TIM7_Handler,Default_Handler
 102              		.weak	TIM6_DAC_Handler
 103              		.thumb_set TIM6_DAC_Handler,Default_Handler
 104              		.weak	UART5_Handler
 105              		.thumb_set UART5_Handler,Default_Handler
 106              		.weak	UART4_Handler
 107              		.thumb_set UART4_Handler,Default_Handler
 108              		.weak	SPI3_Handler
 109              		.thumb_set SPI3_Handler,Default_Handler
 110              		.weak	TIM5_Handler
 111              		.thumb_set TIM5_Handler,Default_Handler
 112              		.weak	SDIO_Handler
 113              		.thumb_set SDIO_Handler,Default_Handler
 114              		.weak	FMC_Handler
 115              		.thumb_set FMC_Handler,Default_Handler
 116              		.weak	DMA1_Stream7_Handler
 117              		.thumb_set DMA1_Stream7_Handler,Default_Handler
 118              		.weak	TIM8_CC_Handler
 119              		.thumb_set TIM8_CC_Handler,Default_Handler
 120              		.weak	TIM8_TRG_COM_TIM14_Handler
 121              		.thumb_set TIM8_TRG_COM_TIM14_Handler,Default_Handler
 122              		.weak	TIM8_UP_TIM13_Handler
 123              		.thumb_set TIM8_UP_TIM13_Handler,Default_Handler
 124              		.weak	TIM8_BRK_TIM12_Handler
 125              		.thumb_set TIM8_BRK_TIM12_Handler,Default_Handler
 126              		.weak	OTG_FS_WKUP_Handler
 127              		.thumb_set OTG_FS_WKUP_Handler,Default_Handler
 128              		.weak	RTC_Alarm_Handler
 129              		.thumb_set RTC_Alarm_Handler,Default_Handler
 130              		.weak	EXTI15_10_Handler
 131              		.thumb_set EXTI15_10_Handler,Default_Handler
 132              		.weak	USART3_Handler
 133              		.thumb_set USART3_Handler,Default_Handler
 134              		.weak	USART2_Handler
 135              		.thumb_set USART2_Handler,Default_Handler
 136              		.weak	USART1_Handler
 137              		.thumb_set USART1_Handler,Default_Handler
 138              		.weak	SPI2_Handler
 139              		.thumb_set SPI2_Handler,Default_Handler
 140              		.weak	SPI1_Handler
 141              		.thumb_set SPI1_Handler,Default_Handler
 142              		.weak	I2C2_ER_Handler
 143              		.thumb_set I2C2_ER_Handler,Default_Handler
 144              		.weak	I2C2_EV_Handler
 145              		.thumb_set I2C2_EV_Handler,Default_Handler
 146              		.weak	I2C1_ER_Handler
 147              		.thumb_set I2C1_ER_Handler,Default_Handler
 148              		.weak	I2C1_EV_Handler
 149              		.thumb_set I2C1_EV_Handler,Default_Handler
 150              		.weak	TIM4_Handler
 151              		.thumb_set TIM4_Handler,Default_Handler
 152              		.weak	TIM3_Handler
 153              		.thumb_set TIM3_Handler,Default_Handler
 154              		.weak	TIM2_Handler
 155              		.thumb_set TIM2_Handler,Default_Handler
 156              		.weak	TIM1_CC_Handler
 157              		.thumb_set TIM1_CC_Handler,Default_Handler
 158              		.weak	TIM1_TRG_COM_TIM11_Handler
 159              		.thumb_set TIM1_TRG_COM_TIM11_Handler,Default_Handler
 160              		.weak	TIM1_UP_TIM10_Handler
 161              		.thumb_set TIM1_UP_TIM10_Handler,Default_Handler
 162              		.weak	TIM1_BRK_TIM9_Handler
 163              		.thumb_set TIM1_BRK_TIM9_Handler,Default_Handler
 164              		.weak	EXTI9_5_Handler
 165              		.thumb_set EXTI9_5_Handler,Default_Handler
 166              		.weak	CAN1_SCE_Handler
 167              		.thumb_set CAN1_SCE_Handler,Default_Handler
 168              		.weak	CAN1_RX1_Handler
 169              		.thumb_set CAN1_RX1_Handler,Default_Handler
 170              		.weak	CAN1_RX0_Handler
 171              		.thumb_set CAN1_RX0_Handler,Default_Handler
 172              		.weak	CAN1_TX_Handler
 173              		.thumb_set CAN1_TX_Handler,Default_Handler
 174              		.weak	ADC_Handler
 175              		.thumb_set ADC_Handler,Default_Handler
 176              		.weak	DMA1_Stream6_Handler
 177              		.thumb_set DMA1_Stream6_Handler,Default_Handler
 178              		.weak	DMA1_Stream5_Handler
 179              		.thumb_set DMA1_Stream5_Handler,Default_Handler
 180              		.weak	DMA1_Stream4_Handler
 181              		.thumb_set DMA1_Stream4_Handler,Default_Handler
 182              		.weak	DMA1_Stream3_Handler
 183              		.thumb_set DMA1_Stream3_Handler,Default_Handler
 184              		.weak	DMA1_Stream2_Handler
 185              		.thumb_set DMA1_Stream2_Handler,Default_Handler
 186              		.weak	DMA1_Stream1_Handler
 187              		.thumb_set DMA1_Stream1_Handler,Default_Handler
 188              		.weak	DMA1_Stream0_Handler
 189              		.thumb_set DMA1_Stream0_Handler,Default_Handler
 190              		.weak	EXTI4_Handler
 191              		.thumb_set EXTI4_Handler,Default_Handler
 192              		.weak	EXTI3_Handler
 193              		.thumb_set EXTI3_Handler,Default_Handler
 194              		.weak	EXTI2_Handler
 195              		.thumb_set EXTI2_Handler,Default_Handler
 196              		.weak	EXTI1_Handler
 197              		.thumb_set EXTI1_Handler,Default_Handler
 198              		.weak	EXTI0_Handler
 199              		.thumb_set EXTI0_Handler,Default_Handler
 200              		.weak	RCC_Handler
 201              		.thumb_set RCC_Handler,Default_Handler
 202              		.weak	FLASH_Handler
 203              		.thumb_set FLASH_Handler,Default_Handler
 204              		.weak	RTC_WKUP_Handler
 205              		.thumb_set RTC_WKUP_Handler,Default_Handler
 206              		.weak	TAMP_STAMP_Handler
 207              		.thumb_set TAMP_STAMP_Handler,Default_Handler
 208              		.weak	PVD_Handler
 209              		.thumb_set PVD_Handler,Default_Handler
 210              		.weak	WWDG_Handler
 211              		.thumb_set WWDG_Handler,Default_Handler
 212              		.weak	SysTick_Handler
 213              		.thumb_set SysTick_Handler,Default_Handler
 214              		.weak	PendSV_Handler
 215              		.thumb_set PendSV_Handler,Default_Handler
 216              		.weak	Debug_Monitor_Handler
 217              		.thumb_set Debug_Monitor_Handler,Default_Handler
 218              		.weak	SVCall_Handler
 219              		.thumb_set SVCall_Handler,Default_Handler
 220              		.weak	UsageFault_Handler
 221              		.thumb_set UsageFault_Handler,Default_Handler
 222              		.weak	BusFault_Handler
 223              		.thumb_set BusFault_Handler,Default_Handler
 224              		.weak	MemManage_Handler
 225              		.thumb_set MemManage_Handler,Default_Handler
 226              		.weak	HardFault_Handler
 227              		.thumb_set HardFault_Handler,Default_Handler
 228              		.weak	NMI_Handler
 229              		.thumb_set NMI_Handler,Default_Handler
 230              		.global	__interrupt_vector
 231              		.section	interrupt_vector,"a"
 232              		.align	2
 233              		.type	__interrupt_vector, %object
 234              		.size	__interrupt_vector, 444
 235              	__interrupt_vector:
 236 0000 00000000 		.word	NMI_Handler
 237 0004 00000000 		.word	HardFault_Handler
 238 0008 00000000 		.word	MemManage_Handler
 239 000c 00000000 		.word	BusFault_Handler
 240 0010 00000000 		.word	UsageFault_Handler
 241 0014 00000000 		.word	0
 242 0018 00000000 		.word	0
 243 001c 00000000 		.word	0
 244 0020 00000000 		.word	0
 245 0024 00000000 		.word	SVCall_Handler
 246 0028 00000000 		.word	Debug_Monitor_Handler
 247 002c 00000000 		.word	0
 248 0030 00000000 		.word	PendSV_Handler
 249 0034 00000000 		.word	SysTick_Handler
 250 0038 00000000 		.word	WWDG_Handler
 251 003c 00000000 		.word	PVD_Handler
 252 0040 00000000 		.word	TAMP_STAMP_Handler
 253 0044 00000000 		.word	RTC_WKUP_Handler
 254 0048 00000000 		.word	FLASH_Handler
 255 004c 00000000 		.word	RCC_Handler
 256 0050 00000000 		.word	EXTI0_Handler
 257 0054 00000000 		.word	EXTI1_Handler
 258 0058 00000000 		.word	EXTI2_Handler
 259 005c 00000000 		.word	EXTI3_Handler
 260 0060 00000000 		.word	EXTI4_Handler
 261 0064 00000000 		.word	DMA1_Stream0_Handler
 262 0068 00000000 		.word	DMA1_Stream1_Handler
 263 006c 00000000 		.word	DMA1_Stream2_Handler
 264 0070 00000000 		.word	DMA1_Stream3_Handler
 265 0074 00000000 		.word	DMA1_Stream4_Handler
 266 0078 00000000 		.word	DMA1_Stream5_Handler
 267 007c 00000000 		.word	DMA1_Stream6_Handler
 268 0080 00000000 		.word	ADC_Handler
 269 0084 00000000 		.word	CAN1_TX_Handler
 270 0088 00000000 		.word	CAN1_RX0_Handler
 271 008c 00000000 		.word	CAN1_RX1_Handler
 272 0090 00000000 		.word	CAN1_SCE_Handler
 273 0094 00000000 		.word	EXTI9_5_Handler
 274 0098 00000000 		.word	TIM1_BRK_TIM9_Handler
 275 009c 00000000 		.word	TIM1_UP_TIM10_Handler
 276 00a0 00000000 		.word	TIM1_TRG_COM_TIM11_Handler
 277 00a4 00000000 		.word	TIM1_CC_Handler
 278 00a8 00000000 		.word	TIM2_Handler
 279 00ac 00000000 		.word	TIM3_Handler
 280 00b0 00000000 		.word	TIM4_Handler
 281 00b4 00000000 		.word	I2C1_EV_Handler
 282 00b8 00000000 		.word	I2C1_ER_Handler
 283 00bc 00000000 		.word	I2C2_EV_Handler
 284 00c0 00000000 		.word	I2C2_ER_Handler
 285 00c4 00000000 		.word	SPI1_Handler
 286 00c8 00000000 		.word	SPI2_Handler
 287 00cc 00000000 		.word	USART1_Handler
 288 00d0 00000000 		.word	USART2_Handler
 289 00d4 00000000 		.word	USART3_Handler
 290 00d8 00000000 		.word	EXTI15_10_Handler
 291 00dc 00000000 		.word	RTC_Alarm_Handler
 292 00e0 00000000 		.word	OTG_FS_WKUP_Handler
 293 00e4 00000000 		.word	TIM8_BRK_TIM12_Handler
 294 00e8 00000000 		.word	TIM8_UP_TIM13_Handler
 295 00ec 00000000 		.word	TIM8_TRG_COM_TIM14_Handler
 296 00f0 00000000 		.word	TIM8_CC_Handler
 297 00f4 00000000 		.word	DMA1_Stream7_Handler
 298 00f8 00000000 		.word	FMC_Handler
 299 00fc 00000000 		.word	SDIO_Handler
 300 0100 00000000 		.word	TIM5_Handler
 301 0104 00000000 		.word	SPI3_Handler
 302 0108 00000000 		.word	UART4_Handler
 303 010c 00000000 		.word	UART5_Handler
 304 0110 00000000 		.word	TIM6_DAC_Handler
 305 0114 00000000 		.word	TIM7_Handler
 306 0118 00000000 		.word	DMA2_Stream0_Handler
 307 011c 00000000 		.word	DMA2_Stream1_Handler
 308 0120 00000000 		.word	DMA2_Stream2_Handler
 309 0124 00000000 		.word	DMA2_Stream3_Handler
 310 0128 00000000 		.word	DMA2_Stream4_Handler
 311 012c 00000000 		.word	0
 312 0130 00000000 		.word	0
 313 0134 00000000 		.word	CAN2_TX_Handler
 314 0138 00000000 		.word	CAN2_RX0_Handler
 315 013c 00000000 		.word	CAN2_RX1_Handler
 316 0140 00000000 		.word	CAN2_SCE_Handler
 317 0144 00000000 		.word	OTG_FS_Handler
 318 0148 00000000 		.word	DMA2_Stream5_Handler
 319 014c 00000000 		.word	DMA2_Stream6_Handler
 320 0150 00000000 		.word	DMA2_Stream7_Handler
 321 0154 00000000 		.word	USART6_Handler
 322 0158 00000000 		.word	I2C3_EV_Handler
 323 015c 00000000 		.word	I2C3_ER_Handler
 324 0160 00000000 		.word	OTG_HS_EP1_OUT_Handler
 325 0164 00000000 		.word	OTG_HS_EP1_IN_Handler
 326 0168 00000000 		.word	OTG_HS_WKUP_Handler
 327 016c 00000000 		.word	OTG_HS_Handler
 328 0170 00000000 		.word	DCMI_Handler
 329 0174 00000000 		.word	0
 330 0178 00000000 		.word	0
 331 017c 00000000 		.word	FPU_Handler
 332 0180 00000000 		.word	0
 333 0184 00000000 		.word	0
 334 0188 00000000 		.word	SPI4_Handler
 335 018c 00000000 		.word	0
 336 0190 00000000 		.word	0
 337 0194 00000000 		.word	SAI1_Handler
 338 0198 00000000 		.word	0
 339 019c 00000000 		.word	0
 340 01a0 00000000 		.word	0
 341 01a4 00000000 		.word	SAI2_Handler
 342 01a8 00000000 		.word	QuadSPI_Handler
 343 01ac 00000000 		.word	HDMI_CEC_Handler
 344 01b0 00000000 		.word	SPDIF_Rx_Handler
 345 01b4 00000000 		.word	FMPI2C1_Handler
 346 01b8 00000000 		.word	FMPI2C1_error_Handler
 347              		.text
 348              	.Letext0:
 349              		.section	.debug_info,"",%progbits
 350              	.Ldebug_info0:
 351 0000 81000000 		.4byte	0x81
 352 0004 0500     		.2byte	0x5
 353 0006 01       		.byte	0x1
 354 0007 04       		.byte	0x4
 355 0008 00000000 		.4byte	.Ldebug_abbrev0
 356 000c 02       		.uleb128 0x2
 357 000d 0D000000 		.4byte	.LASF0
 358 0011 0C       		.byte	0xc
 359 0012 11010000 		.4byte	.LASF1
 360 0016 B6000000 		.4byte	.LASF2
 361 001a 00000000 		.4byte	.Ltext0
 362 001e 02000000 		.4byte	.Letext0-.Ltext0
 363 0022 00000000 		.4byte	.Ldebug_line0
 364 0026 03       		.uleb128 0x3
 365 0027 69737200 		.ascii	"isr\000"
 366 002b 01       		.byte	0x1
 367 002c CF       		.byte	0xcf
 368 002d 10       		.byte	0x10
 369 002e 37000000 		.4byte	0x37
 370 0032 01       		.uleb128 0x1
 371 0033 26000000 		.4byte	0x26
 372 0037 04       		.uleb128 0x4
 373 0038 04       		.byte	0x4
 374 0039 3D000000 		.4byte	0x3d
 375 003d 05       		.uleb128 0x5
 376 003e 44000000 		.4byte	0x44
 377 0042 06       		.uleb128 0x6
 378 0043 00       		.byte	0
 379 0044 07       		.uleb128 0x7
 380 0045 32000000 		.4byte	0x32
 381 0049 54000000 		.4byte	0x54
 382 004d 08       		.uleb128 0x8
 383 004e 59000000 		.4byte	0x59
 384 0052 6E       		.byte	0x6e
 385 0053 00       		.byte	0
 386 0054 01       		.uleb128 0x1
 387 0055 44000000 		.4byte	0x44
 388 0059 09       		.uleb128 0x9
 389 005a 04       		.byte	0x4
 390 005b 07       		.byte	0x7
 391 005c 00000000 		.4byte	.LASF3
 392 0060 0A       		.uleb128 0xa
 393 0061 FE000000 		.4byte	.LASF4
 394 0065 01       		.byte	0x1
 395 0066 D2       		.byte	0xd2
 396 0067 05       		.byte	0x5
 397 0068 54000000 		.4byte	0x54
 398 006c 05       		.uleb128 0x5
 399 006d 03       		.byte	0x3
 400 006e 00000000 		.4byte	__interrupt_vector
 401 0072 0B       		.uleb128 0xb
 402 0073 A6000000 		.4byte	.LASF5
 403 0077 01       		.byte	0x1
 404 0078 04       		.byte	0x4
 405 0079 06       		.byte	0x6
 406 007a 00000000 		.4byte	.LFB0
 407 007e 02000000 		.4byte	.LFE0-.LFB0
 408 0082 01       		.uleb128 0x1
 409 0083 9C       		.byte	0x9c
 410 0084 00       		.byte	0
 411              		.section	.debug_abbrev,"",%progbits
 412              	.Ldebug_abbrev0:
 413 0000 01       		.uleb128 0x1
 414 0001 26       		.uleb128 0x26
 415 0002 00       		.byte	0
 416 0003 49       		.uleb128 0x49
 417 0004 13       		.uleb128 0x13
 418 0005 00       		.byte	0
 419 0006 00       		.byte	0
 420 0007 02       		.uleb128 0x2
 421 0008 11       		.uleb128 0x11
 422 0009 01       		.byte	0x1
 423 000a 25       		.uleb128 0x25
 424 000b 0E       		.uleb128 0xe
 425 000c 13       		.uleb128 0x13
 426 000d 0B       		.uleb128 0xb
 427 000e 03       		.uleb128 0x3
 428 000f 0E       		.uleb128 0xe
 429 0010 1B       		.uleb128 0x1b
 430 0011 0E       		.uleb128 0xe
 431 0012 11       		.uleb128 0x11
 432 0013 01       		.uleb128 0x1
 433 0014 12       		.uleb128 0x12
 434 0015 06       		.uleb128 0x6
 435 0016 10       		.uleb128 0x10
 436 0017 17       		.uleb128 0x17
 437 0018 00       		.byte	0
 438 0019 00       		.byte	0
 439 001a 03       		.uleb128 0x3
 440 001b 16       		.uleb128 0x16
 441 001c 00       		.byte	0
 442 001d 03       		.uleb128 0x3
 443 001e 08       		.uleb128 0x8
 444 001f 3A       		.uleb128 0x3a
 445 0020 0B       		.uleb128 0xb
 446 0021 3B       		.uleb128 0x3b
 447 0022 0B       		.uleb128 0xb
 448 0023 39       		.uleb128 0x39
 449 0024 0B       		.uleb128 0xb
 450 0025 49       		.uleb128 0x49
 451 0026 13       		.uleb128 0x13
 452 0027 00       		.byte	0
 453 0028 00       		.byte	0
 454 0029 04       		.uleb128 0x4
 455 002a 0F       		.uleb128 0xf
 456 002b 00       		.byte	0
 457 002c 0B       		.uleb128 0xb
 458 002d 0B       		.uleb128 0xb
 459 002e 49       		.uleb128 0x49
 460 002f 13       		.uleb128 0x13
 461 0030 00       		.byte	0
 462 0031 00       		.byte	0
 463 0032 05       		.uleb128 0x5
 464 0033 15       		.uleb128 0x15
 465 0034 01       		.byte	0x1
 466 0035 01       		.uleb128 0x1
 467 0036 13       		.uleb128 0x13
 468 0037 00       		.byte	0
 469 0038 00       		.byte	0
 470 0039 06       		.uleb128 0x6
 471 003a 18       		.uleb128 0x18
 472 003b 00       		.byte	0
 473 003c 00       		.byte	0
 474 003d 00       		.byte	0
 475 003e 07       		.uleb128 0x7
 476 003f 01       		.uleb128 0x1
 477 0040 01       		.byte	0x1
 478 0041 49       		.uleb128 0x49
 479 0042 13       		.uleb128 0x13
 480 0043 01       		.uleb128 0x1
 481 0044 13       		.uleb128 0x13
 482 0045 00       		.byte	0
 483 0046 00       		.byte	0
 484 0047 08       		.uleb128 0x8
 485 0048 21       		.uleb128 0x21
 486 0049 00       		.byte	0
 487 004a 49       		.uleb128 0x49
 488 004b 13       		.uleb128 0x13
 489 004c 2F       		.uleb128 0x2f
 490 004d 0B       		.uleb128 0xb
 491 004e 00       		.byte	0
 492 004f 00       		.byte	0
 493 0050 09       		.uleb128 0x9
 494 0051 24       		.uleb128 0x24
 495 0052 00       		.byte	0
 496 0053 0B       		.uleb128 0xb
 497 0054 0B       		.uleb128 0xb
 498 0055 3E       		.uleb128 0x3e
 499 0056 0B       		.uleb128 0xb
 500 0057 03       		.uleb128 0x3
 501 0058 0E       		.uleb128 0xe
 502 0059 00       		.byte	0
 503 005a 00       		.byte	0
 504 005b 0A       		.uleb128 0xa
 505 005c 34       		.uleb128 0x34
 506 005d 00       		.byte	0
 507 005e 03       		.uleb128 0x3
 508 005f 0E       		.uleb128 0xe
 509 0060 3A       		.uleb128 0x3a
 510 0061 0B       		.uleb128 0xb
 511 0062 3B       		.uleb128 0x3b
 512 0063 0B       		.uleb128 0xb
 513 0064 39       		.uleb128 0x39
 514 0065 0B       		.uleb128 0xb
 515 0066 49       		.uleb128 0x49
 516 0067 13       		.uleb128 0x13
 517 0068 3F       		.uleb128 0x3f
 518 0069 19       		.uleb128 0x19
 519 006a 02       		.uleb128 0x2
 520 006b 18       		.uleb128 0x18
 521 006c 00       		.byte	0
 522 006d 00       		.byte	0
 523 006e 0B       		.uleb128 0xb
 524 006f 2E       		.uleb128 0x2e
 525 0070 00       		.byte	0
 526 0071 3F       		.uleb128 0x3f
 527 0072 19       		.uleb128 0x19
 528 0073 03       		.uleb128 0x3
 529 0074 0E       		.uleb128 0xe
 530 0075 3A       		.uleb128 0x3a
 531 0076 0B       		.uleb128 0xb
 532 0077 3B       		.uleb128 0x3b
 533 0078 0B       		.uleb128 0xb
 534 0079 39       		.uleb128 0x39
 535 007a 0B       		.uleb128 0xb
 536 007b 11       		.uleb128 0x11
 537 007c 01       		.uleb128 0x1
 538 007d 12       		.uleb128 0x12
 539 007e 06       		.uleb128 0x6
 540 007f 40       		.uleb128 0x40
 541 0080 18       		.uleb128 0x18
 542 0081 7A       		.uleb128 0x7a
 543 0082 19       		.uleb128 0x19
 544 0083 00       		.byte	0
 545 0084 00       		.byte	0
 546 0085 00       		.byte	0
 547              		.section	.debug_aranges,"",%progbits
 548 0000 1C000000 		.4byte	0x1c
 549 0004 0200     		.2byte	0x2
 550 0006 00000000 		.4byte	.Ldebug_info0
 551 000a 04       		.byte	0x4
 552 000b 00       		.byte	0
 553 000c 0000     		.2byte	0
 554 000e 0000     		.2byte	0
 555 0010 00000000 		.4byte	.Ltext0
 556 0014 02000000 		.4byte	.Letext0-.Ltext0
 557 0018 00000000 		.4byte	0
 558 001c 00000000 		.4byte	0
 559              		.section	.debug_line,"",%progbits
 560              	.Ldebug_line0:
 561 0000 47000000 		.section	.debug_str,"MS",%progbits,1
 561      03002C00 
 561      00000201 
 561      FB0E0D00 
 561      01010101 
 562              	.LASF3:
 563 0000 756E7369 		.ascii	"unsigned int\000"
 563      676E6564 
 563      20696E74 
 563      00
 564              	.LASF0:
 565 000d 474E5520 		.ascii	"GNU C99 13.2.1 20231009 -mtune=cortex-m4 -mthumb -m"
 565      43393920 
 565      31332E32 
 565      2E312032 
 565      30323331 
 566 0040 666C6F61 		.ascii	"float-abi=hard -mfpu=fpv4-sp-d16 -march=armv7e-m+fp"
 566      742D6162 
 566      693D6861 
 566      7264202D 
 566      6D667075 
 567 0073 202D6720 		.ascii	" -g -O0 -Os -std=gnu99 -fsingle-precision-constant\000"
 567      2D4F3020 
 567      2D4F7320 
 567      2D737464 
 567      3D676E75 
 568              	.LASF5:
 569 00a6 44656661 		.ascii	"Default_Handler\000"
 569      756C745F 
 569      48616E64 
 569      6C657200 
 570              	.LASF2:
 571 00b6 2F686F6D 		.ascii	"/home/xoum/Documents/IESE3/C/TP7/TP7_potentiom\303\250"
 571      652F786F 
 571      756D2F44 
 571      6F63756D 
 571      656E7473 
 572 00e6 7472655F 		.ascii	"tre_plus_led (copier 1)\000"
 572      706C7573 
 572      5F6C6564 
 572      2028636F 
 572      70696572 
 573              	.LASF4:
 574 00fe 5F5F696E 		.ascii	"__interrupt_vector\000"
 574      74657272 
 574      7570745F 
 574      76656374 
 574      6F7200
 575              	.LASF1:
 576 0111 7372632F 		.ascii	"src/boot/interrupts.c\000"
 576      626F6F74 
 576      2F696E74 
 576      65727275 
 576      7074732E 
 577              		.ident	"GCC: (15:13.2.rel1-2) 13.2.1 20231009"
DEFINED SYMBOLS
                            *ABS*:00000000 interrupts.c
     /tmp/cc4slLU4.s:19     .text:00000000 $t
     /tmp/cc4slLU4.s:25     .text:00000000 Default_Handler
     /tmp/cc4slLU4.s:25     .text:00000000 FMPI2C1_error_Handler
     /tmp/cc4slLU4.s:25     .text:00000000 FMPI2C1_Handler
     /tmp/cc4slLU4.s:25     .text:00000000 SPDIF_Rx_Handler
     /tmp/cc4slLU4.s:25     .text:00000000 HDMI_CEC_Handler
     /tmp/cc4slLU4.s:25     .text:00000000 QuadSPI_Handler
     /tmp/cc4slLU4.s:25     .text:00000000 SAI2_Handler
     /tmp/cc4slLU4.s:25     .text:00000000 SAI1_Handler
     /tmp/cc4slLU4.s:25     .text:00000000 SPI4_Handler
     /tmp/cc4slLU4.s:25     .text:00000000 FPU_Handler
     /tmp/cc4slLU4.s:25     .text:00000000 DCMI_Handler
     /tmp/cc4slLU4.s:25     .text:00000000 OTG_HS_Handler
     /tmp/cc4slLU4.s:25     .text:00000000 OTG_HS_WKUP_Handler
     /tmp/cc4slLU4.s:25     .text:00000000 OTG_HS_EP1_IN_Handler
     /tmp/cc4slLU4.s:25     .text:00000000 OTG_HS_EP1_OUT_Handler
     /tmp/cc4slLU4.s:25     .text:00000000 I2C3_ER_Handler
     /tmp/cc4slLU4.s:25     .text:00000000 I2C3_EV_Handler
     /tmp/cc4slLU4.s:25     .text:00000000 USART6_Handler
     /tmp/cc4slLU4.s:25     .text:00000000 DMA2_Stream7_Handler
     /tmp/cc4slLU4.s:25     .text:00000000 DMA2_Stream6_Handler
     /tmp/cc4slLU4.s:25     .text:00000000 DMA2_Stream5_Handler
     /tmp/cc4slLU4.s:25     .text:00000000 OTG_FS_Handler
     /tmp/cc4slLU4.s:25     .text:00000000 CAN2_SCE_Handler
     /tmp/cc4slLU4.s:25     .text:00000000 CAN2_RX1_Handler
     /tmp/cc4slLU4.s:25     .text:00000000 CAN2_RX0_Handler
     /tmp/cc4slLU4.s:25     .text:00000000 CAN2_TX_Handler
     /tmp/cc4slLU4.s:25     .text:00000000 DMA2_Stream4_Handler
     /tmp/cc4slLU4.s:25     .text:00000000 DMA2_Stream3_Handler
     /tmp/cc4slLU4.s:25     .text:00000000 DMA2_Stream2_Handler
     /tmp/cc4slLU4.s:25     .text:00000000 DMA2_Stream1_Handler
     /tmp/cc4slLU4.s:25     .text:00000000 DMA2_Stream0_Handler
     /tmp/cc4slLU4.s:25     .text:00000000 TIM7_Handler
     /tmp/cc4slLU4.s:25     .text:00000000 TIM6_DAC_Handler
     /tmp/cc4slLU4.s:25     .text:00000000 UART5_Handler
     /tmp/cc4slLU4.s:25     .text:00000000 UART4_Handler
     /tmp/cc4slLU4.s:25     .text:00000000 SPI3_Handler
     /tmp/cc4slLU4.s:25     .text:00000000 TIM5_Handler
     /tmp/cc4slLU4.s:25     .text:00000000 SDIO_Handler
     /tmp/cc4slLU4.s:25     .text:00000000 FMC_Handler
     /tmp/cc4slLU4.s:25     .text:00000000 DMA1_Stream7_Handler
     /tmp/cc4slLU4.s:25     .text:00000000 TIM8_CC_Handler
     /tmp/cc4slLU4.s:25     .text:00000000 TIM8_TRG_COM_TIM14_Handler
     /tmp/cc4slLU4.s:25     .text:00000000 TIM8_UP_TIM13_Handler
     /tmp/cc4slLU4.s:25     .text:00000000 TIM8_BRK_TIM12_Handler
     /tmp/cc4slLU4.s:25     .text:00000000 OTG_FS_WKUP_Handler
     /tmp/cc4slLU4.s:25     .text:00000000 RTC_Alarm_Handler
     /tmp/cc4slLU4.s:25     .text:00000000 EXTI15_10_Handler
     /tmp/cc4slLU4.s:25     .text:00000000 USART3_Handler
     /tmp/cc4slLU4.s:25     .text:00000000 USART2_Handler
     /tmp/cc4slLU4.s:25     .text:00000000 USART1_Handler
     /tmp/cc4slLU4.s:25     .text:00000000 SPI2_Handler
     /tmp/cc4slLU4.s:25     .text:00000000 SPI1_Handler
     /tmp/cc4slLU4.s:25     .text:00000000 I2C2_ER_Handler
     /tmp/cc4slLU4.s:25     .text:00000000 I2C2_EV_Handler
     /tmp/cc4slLU4.s:25     .text:00000000 I2C1_ER_Handler
     /tmp/cc4slLU4.s:25     .text:00000000 I2C1_EV_Handler
     /tmp/cc4slLU4.s:25     .text:00000000 TIM4_Handler
     /tmp/cc4slLU4.s:25     .text:00000000 TIM3_Handler
     /tmp/cc4slLU4.s:25     .text:00000000 TIM2_Handler
     /tmp/cc4slLU4.s:25     .text:00000000 TIM1_CC_Handler
     /tmp/cc4slLU4.s:25     .text:00000000 TIM1_TRG_COM_TIM11_Handler
     /tmp/cc4slLU4.s:25     .text:00000000 TIM1_UP_TIM10_Handler
     /tmp/cc4slLU4.s:25     .text:00000000 TIM1_BRK_TIM9_Handler
     /tmp/cc4slLU4.s:25     .text:00000000 EXTI9_5_Handler
     /tmp/cc4slLU4.s:25     .text:00000000 CAN1_SCE_Handler
     /tmp/cc4slLU4.s:25     .text:00000000 CAN1_RX1_Handler
     /tmp/cc4slLU4.s:25     .text:00000000 CAN1_RX0_Handler
     /tmp/cc4slLU4.s:25     .text:00000000 CAN1_TX_Handler
     /tmp/cc4slLU4.s:25     .text:00000000 ADC_Handler
     /tmp/cc4slLU4.s:25     .text:00000000 DMA1_Stream6_Handler
     /tmp/cc4slLU4.s:25     .text:00000000 DMA1_Stream5_Handler
     /tmp/cc4slLU4.s:25     .text:00000000 DMA1_Stream4_Handler
     /tmp/cc4slLU4.s:25     .text:00000000 DMA1_Stream3_Handler
     /tmp/cc4slLU4.s:25     .text:00000000 DMA1_Stream2_Handler
     /tmp/cc4slLU4.s:25     .text:00000000 DMA1_Stream1_Handler
     /tmp/cc4slLU4.s:25     .text:00000000 DMA1_Stream0_Handler
     /tmp/cc4slLU4.s:25     .text:00000000 EXTI4_Handler
     /tmp/cc4slLU4.s:25     .text:00000000 EXTI3_Handler
     /tmp/cc4slLU4.s:25     .text:00000000 EXTI2_Handler
     /tmp/cc4slLU4.s:25     .text:00000000 EXTI1_Handler
     /tmp/cc4slLU4.s:25     .text:00000000 EXTI0_Handler
     /tmp/cc4slLU4.s:25     .text:00000000 RCC_Handler
     /tmp/cc4slLU4.s:25     .text:00000000 FLASH_Handler
     /tmp/cc4slLU4.s:25     .text:00000000 RTC_WKUP_Handler
     /tmp/cc4slLU4.s:25     .text:00000000 TAMP_STAMP_Handler
     /tmp/cc4slLU4.s:25     .text:00000000 PVD_Handler
     /tmp/cc4slLU4.s:25     .text:00000000 WWDG_Handler
     /tmp/cc4slLU4.s:25     .text:00000000 SysTick_Handler
     /tmp/cc4slLU4.s:25     .text:00000000 PendSV_Handler
     /tmp/cc4slLU4.s:25     .text:00000000 Debug_Monitor_Handler
     /tmp/cc4slLU4.s:25     .text:00000000 SVCall_Handler
     /tmp/cc4slLU4.s:25     .text:00000000 UsageFault_Handler
     /tmp/cc4slLU4.s:25     .text:00000000 BusFault_Handler
     /tmp/cc4slLU4.s:25     .text:00000000 MemManage_Handler
     /tmp/cc4slLU4.s:25     .text:00000000 HardFault_Handler
     /tmp/cc4slLU4.s:25     .text:00000000 NMI_Handler
     /tmp/cc4slLU4.s:235    interrupt_vector:00000000 __interrupt_vector
     /tmp/cc4slLU4.s:232    interrupt_vector:00000000 $d

NO UNDEFINED SYMBOLS
